0 info it worked if it ends with ok
1 verbose cli [ '/home/opt/node-v6.11.2-linux-x64/bin/node',
1 verbose cli   '/home/opt/nodejs/bin/npm',
1 verbose cli   'run',
1 verbose cli   'start' ]
2 info using npm@3.10.10
3 info using node@v6.11.2
4 verbose run-script [ 'prestart', 'start', 'poststart' ]
5 info lifecycle curso-typescript@1.0.0~prestart: curso-typescript@1.0.0
6 silly lifecycle curso-typescript@1.0.0~prestart: no script for prestart, continuing
7 info lifecycle curso-typescript@1.0.0~start: curso-typescript@1.0.0
8 verbose lifecycle curso-typescript@1.0.0~start: unsafe-perm in lifecycle true
9 verbose lifecycle curso-typescript@1.0.0~start: PATH: /home/opt/node-v6.11.2-linux-x64/lib/node_modules/npm/bin/node-gyp-bin:/home/alysson/gitdesv/afrcode/cursos/src/main/resources/static/typescript/node_modules/.bin:/home/opt/node-v6.11.2-linux-x64/bin:/usr/local/sbin:/usr/local/bin:/usr/sbin:/usr/bin:/sbin:/bin:/usr/games:/usr/local/games:/home/opt/java/bin:/home/opt/nodejs/bin:/snap/bin
10 verbose lifecycle curso-typescript@1.0.0~start: CWD: /home/alysson/gitdesv/afrcode/cursos/src/main/resources/static/typescript
11 silly lifecycle curso-typescript@1.0.0~start: Args: [ '-c', 'tcs -w' ]
12 info lifecycle curso-typescript@1.0.0~start: Failed to exec start script
13 verbose stack Error: curso-typescript@1.0.0 start: `tcs -w`
13 verbose stack spawn ENOENT
13 verbose stack     at ChildProcess.<anonymous> (/home/opt/node-v6.11.2-linux-x64/lib/node_modules/npm/lib/utils/spawn.js:33:16)
13 verbose stack     at emitTwo (events.js:106:13)
13 verbose stack     at ChildProcess.emit (events.js:191:7)
13 verbose stack     at maybeClose (internal/child_process.js:891:16)
13 verbose stack     at Process.ChildProcess._handle.onexit (internal/child_process.js:226:5)
14 verbose pkgid curso-typescript@1.0.0
15 verbose cwd /home/alysson/gitdesv/afrcode/cursos/src/main/resources/static/typescript
16 error Linux 4.10.0-30-generic
17 error argv "/home/opt/node-v6.11.2-linux-x64/bin/node" "/home/opt/nodejs/bin/npm" "run" "start"
18 error node v6.11.2
19 error npm  v3.10.10
20 error file sh
21 error code ELIFECYCLE
22 error errno ENOENT
23 error syscall spawn
24 error curso-typescript@1.0.0 start: `tcs -w`
24 error spawn ENOENT
25 error Failed at the curso-typescript@1.0.0 start script 'tcs -w'.
25 error Make sure you have the latest version of node.js and npm installed.
25 error If you do, this is most likely a problem with the curso-typescript package,
25 error not with npm itself.
25 error Tell the author that this fails on your system:
25 error     tcs -w
25 error You can get information on how to open an issue for this project with:
25 error     npm bugs curso-typescript
25 error Or if that isn't available, you can get their info via:
25 error     npm owner ls curso-typescript
25 error There is likely additional logging output above.
26 verbose exit [ 1, true ]
