0 info it worked if it ends with ok
1 verbose cli [ '/home/opt/node-v6.11.2-linux-x64/bin/node',
1 verbose cli   '/home/opt/nodejs/bin/npm',
1 verbose cli   'run',
1 verbose cli   'watch' ]
2 info using npm@3.10.10
3 info using node@v6.11.2
4 verbose run-script [ 'prewatch', 'watch', 'postwatch' ]
5 info lifecycle client@1.0.0~prewatch: client@1.0.0
6 silly lifecycle client@1.0.0~prewatch: no script for prewatch, continuing
7 info lifecycle client@1.0.0~watch: client@1.0.0
8 verbose lifecycle client@1.0.0~watch: unsafe-perm in lifecycle true
9 verbose lifecycle client@1.0.0~watch: PATH: /home/opt/node-v6.11.2-linux-x64/lib/node_modules/npm/bin/node-gyp-bin:/home/alysson/gitdesv/afrcode/cursos/src/main/resources/static/jsavancado/client/node_modules/.bin:/home/opt/node-v6.11.2-linux-x64/bin:/usr/local/sbin:/usr/local/bin:/usr/sbin:/usr/bin:/sbin:/bin:/usr/games:/usr/local/games:/home/opt/java/bin:/home/opt/nodejs/bin:/snap/bin
10 verbose lifecycle client@1.0.0~watch: CWD: /home/alysson/gitdesv/afrcode/cursos/src/main/resources/static/jsavancado/client
11 silly lifecycle client@1.0.0~watch: Args: [ '-c', 'babel js/app-es6 -d js/app --source-maps --watch' ]
12 silly lifecycle client@1.0.0~watch: Returned: code: 137  signal: null
13 info lifecycle client@1.0.0~watch: Failed to exec watch script
14 verbose stack Error: client@1.0.0 watch: `babel js/app-es6 -d js/app --source-maps --watch`
14 verbose stack Exit status 137
14 verbose stack     at EventEmitter.<anonymous> (/home/opt/node-v6.11.2-linux-x64/lib/node_modules/npm/lib/utils/lifecycle.js:255:16)
14 verbose stack     at emitTwo (events.js:106:13)
14 verbose stack     at EventEmitter.emit (events.js:191:7)
14 verbose stack     at ChildProcess.<anonymous> (/home/opt/node-v6.11.2-linux-x64/lib/node_modules/npm/lib/utils/spawn.js:40:14)
14 verbose stack     at emitTwo (events.js:106:13)
14 verbose stack     at ChildProcess.emit (events.js:191:7)
14 verbose stack     at maybeClose (internal/child_process.js:891:16)
14 verbose stack     at Process.ChildProcess._handle.onexit (internal/child_process.js:226:5)
15 verbose pkgid client@1.0.0
16 verbose cwd /home/alysson/gitdesv/afrcode/cursos/src/main/resources/static/jsavancado/client
17 error Linux 4.10.0-30-generic
18 error argv "/home/opt/node-v6.11.2-linux-x64/bin/node" "/home/opt/nodejs/bin/npm" "run" "watch"
19 error node v6.11.2
20 error npm  v3.10.10
21 error code ELIFECYCLE
22 error client@1.0.0 watch: `babel js/app-es6 -d js/app --source-maps --watch`
22 error Exit status 137
23 error Failed at the client@1.0.0 watch script 'babel js/app-es6 -d js/app --source-maps --watch'.
23 error Make sure you have the latest version of node.js and npm installed.
23 error If you do, this is most likely a problem with the client package,
23 error not with npm itself.
23 error Tell the author that this fails on your system:
23 error     babel js/app-es6 -d js/app --source-maps --watch
23 error You can get information on how to open an issue for this project with:
23 error     npm bugs client
23 error Or if that isn't available, you can get their info via:
23 error     npm owner ls client
23 error There is likely additional logging output above.
24 verbose exit [ 1, true ]
